04-Jul-2022 17:52:58.314 INFORMACIÓN [main] org.apache.catalina.startup.VersionLoggerListener.log Nombre de la versión del servidor: Apache Tomcat/9.0.63
04-Jul-2022 17:52:58.314 INFORMACIÓN [main] org.apache.catalina.startup.VersionLoggerListener.log Server built:                      May 11 2022 07:52:11 UTC
04-Jul-2022 17:52:58.314 INFORMACIÓN [main] org.apache.catalina.startup.VersionLoggerListener.log Número de versión de servidor:     9.0.63.0
04-Jul-2022 17:52:58.314 INFORMACIÓN [main] org.apache.catalina.startup.VersionLoggerListener.log OS Name:                           Windows 10
04-Jul-2022 17:52:58.314 INFORMACIÓN [main] org.apache.catalina.startup.VersionLoggerListener.log Versión de Systema Operativo:      10.0
04-Jul-2022 17:52:58.314 INFORMACIÓN [main] org.apache.catalina.startup.VersionLoggerListener.log Arquitectura:                      amd64
04-Jul-2022 17:52:58.314 INFORMACIÓN [main] org.apache.catalina.startup.VersionLoggerListener.log Java Home:                         C:\Program Files\Java\jdk1.8.0_202\jre
04-Jul-2022 17:52:58.314 INFORMACIÓN [main] org.apache.catalina.startup.VersionLoggerListener.log JVM Version:                       1.8.0_202-b08
04-Jul-2022 17:52:58.314 INFORMACIÓN [main] org.apache.catalina.startup.VersionLoggerListener.log Vededor JVM:                       Oracle Corporation
04-Jul-2022 17:52:58.314 INFORMACIÓN [main] org.apache.catalina.startup.VersionLoggerListener.log CATALINA_BASE:                     D:\DSW\Ies6\apache-tomcat-9.0.63
04-Jul-2022 17:52:58.314 INFORMACIÓN [main] org.apache.catalina.startup.VersionLoggerListener.log CATALINA_HOME:                     D:\DSW\Ies6\apache-tomcat-9.0.63
04-Jul-2022 17:52:58.332 INFORMACIÓN [main] org.apache.catalina.startup.VersionLoggerListener.log Command line argument:             -Djava.util.logging.config.file=D:\DSW\Ies6\apache-tomcat-9.0.63\conf\logging.properties
04-Jul-2022 17:52:58.333 INFORMACIÓN [main] org.apache.catalina.startup.VersionLoggerListener.log Command line argument:             -Djava.util.logging.manager=org.apache.juli.ClassLoaderLogManager
04-Jul-2022 17:52:58.333 INFORMACIÓN [main] org.apache.catalina.startup.VersionLoggerListener.log Command line argument:             -Dhttp.nonProxyHosts=localhost|127.0.0.1|ServerR7
04-Jul-2022 17:52:58.333 INFORMACIÓN [main] org.apache.catalina.startup.VersionLoggerListener.log Command line argument:             -Djdk.tls.ephemeralDHKeySize=2048
04-Jul-2022 17:52:58.333 INFORMACIÓN [main] org.apache.catalina.startup.VersionLoggerListener.log Command line argument:             -Djava.protocol.handler.pkgs=org.apache.catalina.webresources
04-Jul-2022 17:52:58.334 INFORMACIÓN [main] org.apache.catalina.startup.VersionLoggerListener.log Command line argument:             -Dignore.endorsed.dirs=
04-Jul-2022 17:52:58.334 INFORMACIÓN [main] org.apache.catalina.startup.VersionLoggerListener.log Command line argument:             -Dcatalina.base=D:\DSW\Ies6\apache-tomcat-9.0.63
04-Jul-2022 17:52:58.334 INFORMACIÓN [main] org.apache.catalina.startup.VersionLoggerListener.log Command line argument:             -Dcatalina.home=D:\DSW\Ies6\apache-tomcat-9.0.63
04-Jul-2022 17:52:58.334 INFORMACIÓN [main] org.apache.catalina.startup.VersionLoggerListener.log Command line argument:             -Djava.io.tmpdir=D:\DSW\Ies6\apache-tomcat-9.0.63\temp
04-Jul-2022 17:52:58.362 INFORMACIÓN [main] org.apache.catalina.core.AprLifecycleListener.lifecycleEvent Cargada la biblioteca nativa APR de Apache Tomcat [1.2.33] con la versión APR [1.7.0].
04-Jul-2022 17:52:58.362 INFORMACIÓN [main] org.apache.catalina.core.AprLifecycleListener.lifecycleEvent Capacidades APR: IPv6 [true], enviar fichero [true], aceptar filtros [false], aleatorio [true], UDS [true].
04-Jul-2022 17:52:58.362 INFORMACIÓN [main] org.apache.catalina.core.AprLifecycleListener.lifecycleEvent APR/OpenSSL configuration: useAprConnector [false], useOpenSSL [true]
04-Jul-2022 17:52:58.394 INFORMACIÓN [main] org.apache.catalina.core.AprLifecycleListener.initializeSSL OpenSSL inicializado correctamente [OpenSSL 1.1.1o  3 May 2022]
04-Jul-2022 17:52:58.816 INFORMACIÓN [main] org.apache.coyote.AbstractProtocol.init Inicializando el manejador de protocolo ["http-nio-8086"]

04-Jul-2022 17:52:58.831 INFORMACIÓN [main] org.apache.catalina.startup.Catalina.load Server initialization in [797] milliseconds
04-Jul-2022 17:52:58.878 INFORMACIÓN [main] org.apache.catalina.core.StandardService.startInternal Arrancando servicio [Catalina]
04-Jul-2022 17:52:58.878 INFORMACIÓN [main] org.apache.catalina.core.StandardEngine.startInternal Starting Servlet engine: [Apache Tomcat/9.0.63]
04-Jul-2022 17:52:58.894 INFORMACIÓN [main] org.apache.catalina.startup.HostConfig.deployDescriptor Desplieque del descriptor de configuración [D:\DSW\Ies6\apache-tomcat-9.0.63\conf\Catalina\localhost\PruebaNB.xml]
04-Jul-2022 17:52:58.909 ADVERTENCIA [main] org.apache.catalina.startup.HostConfig.deployDescriptor The path attribute with value [/PruebaNB] in deployment descriptor [D:\DSW\Ies6\apache-tomcat-9.0.63\conf\Catalina\localhost\PruebaNB.xml] has been ignored
04-Jul-2022 17:52:59.472 ADVERTENCIA [main] org.apache.catalina.util.SessionIdGeneratorBase.createSecureRandom Creation of SecureRandom instance for session ID generation using [SHA1PRNG] took [297] milliseconds.
04-Jul-2022 17:52:59.503 INFORMACIÓN [main] org.apache.catalina.startup.HostConfig.deployDescriptor Deployment of deployment descriptor [D:\DSW\Ies6\apache-tomcat-9.0.63\conf\Catalina\localhost\PruebaNB.xml] has finished in [609] ms
04-Jul-2022 17:52:59.503 INFORMACIÓN [main] org.apache.catalina.startup.HostConfig.deployDirectory Desplegando el directorio [D:\DSW\Ies6\apache-tomcat-9.0.63\webapps\docs] de la aplicación web
04-Jul-2022 17:52:59.534 INFORMACIÓN [main] org.apache.catalina.startup.HostConfig.deployDirectory Deployment of web application directory [D:\DSW\Ies6\apache-tomcat-9.0.63\webapps\docs] has finished in [31] ms
04-Jul-2022 17:52:59.534 INFORMACIÓN [main] org.apache.catalina.startup.HostConfig.deployDirectory Desplegando el directorio [D:\DSW\Ies6\apache-tomcat-9.0.63\webapps\examples] de la aplicación web
04-Jul-2022 17:52:59.862 INFORMACIÓN [main] org.apache.catalina.startup.HostConfig.deployDirectory Deployment of web application directory [D:\DSW\Ies6\apache-tomcat-9.0.63\webapps\examples] has finished in [328] ms
04-Jul-2022 17:52:59.878 INFORMACIÓN [main] org.apache.catalina.startup.HostConfig.deployDirectory Desplegando el directorio [D:\DSW\Ies6\apache-tomcat-9.0.63\webapps\host-manager] de la aplicación web
04-Jul-2022 17:52:59.909 INFORMACIÓN [main] org.apache.catalina.startup.HostConfig.deployDirectory Deployment of web application directory [D:\DSW\Ies6\apache-tomcat-9.0.63\webapps\host-manager] has finished in [31] ms
04-Jul-2022 17:52:59.909 INFORMACIÓN [main] org.apache.catalina.startup.HostConfig.deployDirectory Desplegando el directorio [D:\DSW\Ies6\apache-tomcat-9.0.63\webapps\manager] de la aplicación web
04-Jul-2022 17:52:59.956 INFORMACIÓN [main] org.apache.catalina.startup.HostConfig.deployDirectory Deployment of web application directory [D:\DSW\Ies6\apache-tomcat-9.0.63\webapps\manager] has finished in [32] ms
04-Jul-2022 17:52:59.956 INFORMACIÓN [main] org.apache.catalina.startup.HostConfig.deployDirectory Desplegando el directorio [D:\DSW\Ies6\apache-tomcat-9.0.63\webapps\ROOT] de la aplicación web
04-Jul-2022 17:52:59.972 INFORMACIÓN [main] org.apache.catalina.startup.HostConfig.deployDirectory Deployment of web application directory [D:\DSW\Ies6\apache-tomcat-9.0.63\webapps\ROOT] has finished in [16] ms
04-Jul-2022 17:52:59.972 INFORMACIÓN [main] org.apache.coyote.AbstractProtocol.start Starting ProtocolHandler ["http-nio-8086"]
04-Jul-2022 17:53:00.003 INFORMACIÓN [main] org.apache.catalina.startup.Catalina.start Server startup in [1167] milliseconds
04-Jul-2022 17:53:03.737 INFORMACIÓN [http-nio-8086-exec-1] org.apache.catalina.startup.HostConfig.undeploy Repliegue (undeploy) de la aplicación web que tiene como trayectoria de contexto [/PruebaNB]
04-Jul-2022 17:53:03.753 INFORMACIÓN [http-nio-8086-exec-4] org.apache.catalina.startup.HostConfig.deployDescriptor Desplieque del descriptor de configuración [D:\DSW\Ies6\apache-tomcat-9.0.63\conf\Catalina\localhost\PruebaNB.xml]
04-Jul-2022 17:53:03.753 ADVERTENCIA [http-nio-8086-exec-4] org.apache.catalina.startup.HostConfig.deployDescriptor The path attribute with value [/PruebaNB] in deployment descriptor [D:\DSW\Ies6\apache-tomcat-9.0.63\conf\Catalina\localhost\PruebaNB.xml] has been ignored
04-Jul-2022 17:53:03.769 INFORMACIÓN [http-nio-8086-exec-4] org.apache.catalina.startup.HostConfig.deployDescriptor Deployment of deployment descriptor [D:\DSW\Ies6\apache-tomcat-9.0.63\conf\Catalina\localhost\PruebaNB.xml] has finished in [16] ms
04-Jul-2022 17:53:03.769 INFORMACIÓN [http-nio-8086-exec-3] org.apache.catalina.util.LifecycleBase.start The start() method was called on component [StandardEngine[Catalina].StandardHost[localhost].StandardContext[/PruebaNB]] after start() had already been called. The second call will be ignored.
04-Jul-2022 17:54:34.102 INFORMACIÓN [http-nio-8086-exec-8] org.apache.catalina.startup.HostConfig.undeploy Repliegue (undeploy) de la aplicación web que tiene como trayectoria de contexto [/PruebaNB]
04-Jul-2022 17:54:34.102 INFORMACIÓN [http-nio-8086-exec-4] org.apache.catalina.startup.HostConfig.deployDescriptor Desplieque del descriptor de configuración [D:\DSW\Ies6\apache-tomcat-9.0.63\conf\Catalina\localhost\PruebaNB.xml]
04-Jul-2022 17:54:34.102 ADVERTENCIA [http-nio-8086-exec-4] org.apache.catalina.startup.HostConfig.deployDescriptor The path attribute with value [/PruebaNB] in deployment descriptor [D:\DSW\Ies6\apache-tomcat-9.0.63\conf\Catalina\localhost\PruebaNB.xml] has been ignored
04-Jul-2022 17:54:34.113 INFORMACIÓN [http-nio-8086-exec-4] org.apache.catalina.startup.HostConfig.deployDescriptor Deployment of deployment descriptor [D:\DSW\Ies6\apache-tomcat-9.0.63\conf\Catalina\localhost\PruebaNB.xml] has finished in [11] ms
04-Jul-2022 17:54:34.113 INFORMACIÓN [http-nio-8086-exec-13] org.apache.catalina.util.LifecycleBase.start The start() method was called on component [StandardEngine[Catalina].StandardHost[localhost].StandardContext[/PruebaNB]] after start() had already been called. The second call will be ignored.
04-Jul-2022 17:54:49.384 INFORMACIÓN [http-nio-8086-exec-17] org.apache.catalina.startup.HostConfig.undeploy Repliegue (undeploy) de la aplicación web que tiene como trayectoria de contexto [/PruebaNB]
04-Jul-2022 17:54:49.393 INFORMACIÓN [http-nio-8086-exec-11] org.apache.catalina.startup.HostConfig.deployDescriptor Desplieque del descriptor de configuración [D:\DSW\Ies6\apache-tomcat-9.0.63\conf\Catalina\localhost\PruebaNB.xml]
04-Jul-2022 17:54:49.394 ADVERTENCIA [http-nio-8086-exec-11] org.apache.catalina.startup.HostConfig.deployDescriptor The path attribute with value [/PruebaNB] in deployment descriptor [D:\DSW\Ies6\apache-tomcat-9.0.63\conf\Catalina\localhost\PruebaNB.xml] has been ignored
04-Jul-2022 17:54:49.409 INFORMACIÓN [http-nio-8086-exec-11] org.apache.catalina.startup.HostConfig.deployDescriptor Deployment of deployment descriptor [D:\DSW\Ies6\apache-tomcat-9.0.63\conf\Catalina\localhost\PruebaNB.xml] has finished in [15] ms
04-Jul-2022 17:54:49.412 INFORMACIÓN [http-nio-8086-exec-15] org.apache.catalina.util.LifecycleBase.start The start() method was called on component [StandardEngine[Catalina].StandardHost[localhost].StandardContext[/PruebaNB]] after start() had already been called. The second call will be ignored.
04-Jul-2022 17:55:12.949 INFORMACIÓN [http-nio-8086-exec-8] org.apache.catalina.startup.HostConfig.undeploy Repliegue (undeploy) de la aplicación web que tiene como trayectoria de contexto [/PruebaNB]
04-Jul-2022 17:55:12.956 INFORMACIÓN [http-nio-8086-exec-17] org.apache.catalina.startup.HostConfig.deployDescriptor Desplieque del descriptor de configuración [D:\DSW\Ies6\apache-tomcat-9.0.63\conf\Catalina\localhost\PruebaNB.xml]
04-Jul-2022 17:55:12.956 ADVERTENCIA [http-nio-8086-exec-17] org.apache.catalina.startup.HostConfig.deployDescriptor The path attribute with value [/PruebaNB] in deployment descriptor [D:\DSW\Ies6\apache-tomcat-9.0.63\conf\Catalina\localhost\PruebaNB.xml] has been ignored
04-Jul-2022 17:55:12.966 INFORMACIÓN [http-nio-8086-exec-17] org.apache.catalina.startup.HostConfig.deployDescriptor Deployment of deployment descriptor [D:\DSW\Ies6\apache-tomcat-9.0.63\conf\Catalina\localhost\PruebaNB.xml] has finished in [10] ms
04-Jul-2022 17:55:12.969 INFORMACIÓN [http-nio-8086-exec-10] org.apache.catalina.util.LifecycleBase.start The start() method was called on component [StandardEngine[Catalina].StandardHost[localhost].StandardContext[/PruebaNB]] after start() had already been called. The second call will be ignored.
04-Jul-2022 17:55:19.625 INFORMACIÓN [http-nio-8086-exec-4] org.apache.catalina.startup.HostConfig.undeploy Repliegue (undeploy) de la aplicación web que tiene como trayectoria de contexto [/PruebaNB]
04-Jul-2022 17:55:19.631 INFORMACIÓN [http-nio-8086-exec-19] org.apache.catalina.startup.HostConfig.deployDescriptor Desplieque del descriptor de configuración [D:\DSW\Ies6\apache-tomcat-9.0.63\conf\Catalina\localhost\PruebaNB.xml]
04-Jul-2022 17:55:19.632 ADVERTENCIA [http-nio-8086-exec-19] org.apache.catalina.startup.HostConfig.deployDescriptor The path attribute with value [/PruebaNB] in deployment descriptor [D:\DSW\Ies6\apache-tomcat-9.0.63\conf\Catalina\localhost\PruebaNB.xml] has been ignored
04-Jul-2022 17:55:19.641 INFORMACIÓN [http-nio-8086-exec-19] org.apache.catalina.startup.HostConfig.deployDescriptor Deployment of deployment descriptor [D:\DSW\Ies6\apache-tomcat-9.0.63\conf\Catalina\localhost\PruebaNB.xml] has finished in [10] ms
04-Jul-2022 17:55:19.644 INFORMACIÓN [http-nio-8086-exec-20] org.apache.catalina.util.LifecycleBase.start The start() method was called on component [StandardEngine[Catalina].StandardHost[localhost].StandardContext[/PruebaNB]] after start() had already been called. The second call will be ignored.
04-Jul-2022 17:56:16.155 INFORMACIÓN [http-nio-8086-exec-24] org.apache.catalina.startup.HostConfig.undeploy Repliegue (undeploy) de la aplicación web que tiene como trayectoria de contexto [/PruebaNB]
04-Jul-2022 17:56:16.161 INFORMACIÓN [http-nio-8086-exec-15] org.apache.catalina.startup.HostConfig.deployDescriptor Desplieque del descriptor de configuración [D:\DSW\Ies6\apache-tomcat-9.0.63\conf\Catalina\localhost\PruebaNB.xml]
04-Jul-2022 17:56:16.162 ADVERTENCIA [http-nio-8086-exec-15] org.apache.catalina.startup.HostConfig.deployDescriptor The path attribute with value [/PruebaNB] in deployment descriptor [D:\DSW\Ies6\apache-tomcat-9.0.63\conf\Catalina\localhost\PruebaNB.xml] has been ignored
04-Jul-2022 17:56:16.171 INFORMACIÓN [http-nio-8086-exec-15] org.apache.catalina.startup.HostConfig.deployDescriptor Deployment of deployment descriptor [D:\DSW\Ies6\apache-tomcat-9.0.63\conf\Catalina\localhost\PruebaNB.xml] has finished in [9] ms
04-Jul-2022 17:56:16.173 INFORMACIÓN [http-nio-8086-exec-19] org.apache.catalina.util.LifecycleBase.start The start() method was called on component [StandardEngine[Catalina].StandardHost[localhost].StandardContext[/PruebaNB]] after start() had already been called. The second call will be ignored.
04-Jul-2022 17:56:41.546 INFORMACIÓN [http-nio-8086-exec-27] org.apache.catalina.startup.HostConfig.undeploy Repliegue (undeploy) de la aplicación web que tiene como trayectoria de contexto [/PruebaNB]
04-Jul-2022 17:56:41.553 INFORMACIÓN [http-nio-8086-exec-11] org.apache.catalina.startup.HostConfig.deployDescriptor Desplieque del descriptor de configuración [D:\DSW\Ies6\apache-tomcat-9.0.63\conf\Catalina\localhost\PruebaNB.xml]
04-Jul-2022 17:56:41.554 ADVERTENCIA [http-nio-8086-exec-11] org.apache.catalina.startup.HostConfig.deployDescriptor The path attribute with value [/PruebaNB] in deployment descriptor [D:\DSW\Ies6\apache-tomcat-9.0.63\conf\Catalina\localhost\PruebaNB.xml] has been ignored
04-Jul-2022 17:56:41.565 INFORMACIÓN [http-nio-8086-exec-11] org.apache.catalina.startup.HostConfig.deployDescriptor Deployment of deployment descriptor [D:\DSW\Ies6\apache-tomcat-9.0.63\conf\Catalina\localhost\PruebaNB.xml] has finished in [11] ms
04-Jul-2022 17:56:41.568 INFORMACIÓN [http-nio-8086-exec-4] org.apache.catalina.util.LifecycleBase.start The start() method was called on component [StandardEngine[Catalina].StandardHost[localhost].StandardContext[/PruebaNB]] after start() had already been called. The second call will be ignored.
04-Jul-2022 18:03:28.188 INFORMACIÓN [main] org.apache.catalina.core.StandardServer.await Se ha recibido un comando de apagado a través del puerto de apagado. Parando la instancia del Servidor.
04-Jul-2022 18:03:28.188 INFORMACIÓN [main] org.apache.coyote.AbstractProtocol.pause Pausing ProtocolHandler ["http-nio-8086"]
04-Jul-2022 18:03:28.243 INFORMACIÓN [main] org.apache.catalina.core.StandardService.stopInternal Parando servicio [Catalina]
04-Jul-2022 18:03:28.250 INFORMACIÓN [main] org.apache.coyote.AbstractProtocol.stop Stopping ProtocolHandler ["http-nio-8086"]
04-Jul-2022 18:03:28.252 INFORMACIÓN [main] org.apache.coyote.AbstractProtocol.destroy Destroying ProtocolHandler ["http-nio-8086"]
