03-Aug-2022 19:54:10.611 INFORMACIÓN [main] org.apache.catalina.startup.VersionLoggerListener.log Nombre de la versión del servidor: Apache Tomcat/9.0.63
03-Aug-2022 19:54:10.613 INFORMACIÓN [main] org.apache.catalina.startup.VersionLoggerListener.log Server built:                      May 11 2022 07:52:11 UTC
03-Aug-2022 19:54:10.613 INFORMACIÓN [main] org.apache.catalina.startup.VersionLoggerListener.log Número de versión de servidor:     9.0.63.0
03-Aug-2022 19:54:10.613 INFORMACIÓN [main] org.apache.catalina.startup.VersionLoggerListener.log OS Name:                           Windows 10
03-Aug-2022 19:54:10.613 INFORMACIÓN [main] org.apache.catalina.startup.VersionLoggerListener.log Versión de Systema Operativo:      10.0
03-Aug-2022 19:54:10.613 INFORMACIÓN [main] org.apache.catalina.startup.VersionLoggerListener.log Arquitectura:                      amd64
03-Aug-2022 19:54:10.613 INFORMACIÓN [main] org.apache.catalina.startup.VersionLoggerListener.log Java Home:                         C:\Program Files\Java\jdk1.8.0_202\jre
03-Aug-2022 19:54:10.613 INFORMACIÓN [main] org.apache.catalina.startup.VersionLoggerListener.log JVM Version:                       1.8.0_202-b08
03-Aug-2022 19:54:10.613 INFORMACIÓN [main] org.apache.catalina.startup.VersionLoggerListener.log Vededor JVM:                       Oracle Corporation
03-Aug-2022 19:54:10.613 INFORMACIÓN [main] org.apache.catalina.startup.VersionLoggerListener.log CATALINA_BASE:                     D:\DSW\Ies6\apache-tomcat-9.0.63
03-Aug-2022 19:54:10.613 INFORMACIÓN [main] org.apache.catalina.startup.VersionLoggerListener.log CATALINA_HOME:                     D:\DSW\Ies6\apache-tomcat-9.0.63
03-Aug-2022 19:54:10.614 INFORMACIÓN [main] org.apache.catalina.startup.VersionLoggerListener.log Command line argument:             -Djava.util.logging.config.file=D:\DSW\Ies6\apache-tomcat-9.0.63\conf\logging.properties
03-Aug-2022 19:54:10.614 INFORMACIÓN [main] org.apache.catalina.startup.VersionLoggerListener.log Command line argument:             -Djava.util.logging.manager=org.apache.juli.ClassLoaderLogManager
03-Aug-2022 19:54:10.614 INFORMACIÓN [main] org.apache.catalina.startup.VersionLoggerListener.log Command line argument:             -Dhttp.nonProxyHosts=localhost|127.0.0.1|ServerR7
03-Aug-2022 19:54:10.614 INFORMACIÓN [main] org.apache.catalina.startup.VersionLoggerListener.log Command line argument:             -Djdk.tls.ephemeralDHKeySize=2048
03-Aug-2022 19:54:10.614 INFORMACIÓN [main] org.apache.catalina.startup.VersionLoggerListener.log Command line argument:             -Djava.protocol.handler.pkgs=org.apache.catalina.webresources
03-Aug-2022 19:54:10.614 INFORMACIÓN [main] org.apache.catalina.startup.VersionLoggerListener.log Command line argument:             -Dignore.endorsed.dirs=
03-Aug-2022 19:54:10.614 INFORMACIÓN [main] org.apache.catalina.startup.VersionLoggerListener.log Command line argument:             -Dcatalina.base=D:\DSW\Ies6\apache-tomcat-9.0.63
03-Aug-2022 19:54:10.614 INFORMACIÓN [main] org.apache.catalina.startup.VersionLoggerListener.log Command line argument:             -Dcatalina.home=D:\DSW\Ies6\apache-tomcat-9.0.63
03-Aug-2022 19:54:10.615 INFORMACIÓN [main] org.apache.catalina.startup.VersionLoggerListener.log Command line argument:             -Djava.io.tmpdir=D:\DSW\Ies6\apache-tomcat-9.0.63\temp
03-Aug-2022 19:54:10.652 INFORMACIÓN [main] org.apache.catalina.core.AprLifecycleListener.lifecycleEvent Cargada la biblioteca nativa APR de Apache Tomcat [1.2.33] con la versión APR [1.7.0].
03-Aug-2022 19:54:10.652 INFORMACIÓN [main] org.apache.catalina.core.AprLifecycleListener.lifecycleEvent Capacidades APR: IPv6 [true], enviar fichero [true], aceptar filtros [false], aleatorio [true], UDS [true].
03-Aug-2022 19:54:10.652 INFORMACIÓN [main] org.apache.catalina.core.AprLifecycleListener.lifecycleEvent APR/OpenSSL configuration: useAprConnector [false], useOpenSSL [true]
03-Aug-2022 19:54:10.667 INFORMACIÓN [main] org.apache.catalina.core.AprLifecycleListener.initializeSSL OpenSSL inicializado correctamente [OpenSSL 1.1.1o  3 May 2022]
03-Aug-2022 19:54:10.887 INFORMACIÓN [main] org.apache.coyote.AbstractProtocol.init Inicializando el manejador de protocolo ["http-nio-8086"]

03-Aug-2022 19:54:10.898 INFORMACIÓN [main] org.apache.catalina.startup.Catalina.load Server initialization in [426] milliseconds
03-Aug-2022 19:54:10.915 INFORMACIÓN [main] org.apache.catalina.core.StandardService.startInternal Arrancando servicio [Catalina]
03-Aug-2022 19:54:10.915 INFORMACIÓN [main] org.apache.catalina.core.StandardEngine.startInternal Starting Servlet engine: [Apache Tomcat/9.0.63]
03-Aug-2022 19:54:10.921 INFORMACIÓN [main] org.apache.catalina.startup.HostConfig.deployDescriptor Desplieque del descriptor de configuración [D:\DSW\Ies6\apache-tomcat-9.0.63\conf\Catalina\localhost\PruebaNB.xml]
03-Aug-2022 19:54:10.933 ADVERTENCIA [main] org.apache.catalina.startup.HostConfig.deployDescriptor The path attribute with value [/PruebaNB] in deployment descriptor [D:\DSW\Ies6\apache-tomcat-9.0.63\conf\Catalina\localhost\PruebaNB.xml] has been ignored
03-Aug-2022 19:54:11.148 INFORMACIÓN [main] org.apache.catalina.startup.HostConfig.deployDescriptor Deployment of deployment descriptor [D:\DSW\Ies6\apache-tomcat-9.0.63\conf\Catalina\localhost\PruebaNB.xml] has finished in [226] ms
03-Aug-2022 19:54:11.148 INFORMACIÓN [main] org.apache.catalina.startup.HostConfig.deployDirectory Desplegando el directorio [D:\DSW\Ies6\apache-tomcat-9.0.63\webapps\docs] de la aplicación web
03-Aug-2022 19:54:11.167 INFORMACIÓN [main] org.apache.catalina.startup.HostConfig.deployDirectory Deployment of web application directory [D:\DSW\Ies6\apache-tomcat-9.0.63\webapps\docs] has finished in [18] ms
03-Aug-2022 19:54:11.167 INFORMACIÓN [main] org.apache.catalina.startup.HostConfig.deployDirectory Desplegando el directorio [D:\DSW\Ies6\apache-tomcat-9.0.63\webapps\examples] de la aplicación web
03-Aug-2022 19:54:11.472 INFORMACIÓN [main] org.apache.catalina.startup.HostConfig.deployDirectory Deployment of web application directory [D:\DSW\Ies6\apache-tomcat-9.0.63\webapps\examples] has finished in [305] ms
03-Aug-2022 19:54:11.472 INFORMACIÓN [main] org.apache.catalina.startup.HostConfig.deployDirectory Desplegando el directorio [D:\DSW\Ies6\apache-tomcat-9.0.63\webapps\host-manager] de la aplicación web
03-Aug-2022 19:54:11.493 INFORMACIÓN [main] org.apache.catalina.startup.HostConfig.deployDirectory Deployment of web application directory [D:\DSW\Ies6\apache-tomcat-9.0.63\webapps\host-manager] has finished in [20] ms
03-Aug-2022 19:54:11.493 INFORMACIÓN [main] org.apache.catalina.startup.HostConfig.deployDirectory Desplegando el directorio [D:\DSW\Ies6\apache-tomcat-9.0.63\webapps\manager] de la aplicación web
03-Aug-2022 19:54:11.508 INFORMACIÓN [main] org.apache.catalina.startup.HostConfig.deployDirectory Deployment of web application directory [D:\DSW\Ies6\apache-tomcat-9.0.63\webapps\manager] has finished in [15] ms
03-Aug-2022 19:54:11.509 INFORMACIÓN [main] org.apache.catalina.startup.HostConfig.deployDirectory Desplegando el directorio [D:\DSW\Ies6\apache-tomcat-9.0.63\webapps\ROOT] de la aplicación web
03-Aug-2022 19:54:11.519 INFORMACIÓN [main] org.apache.catalina.startup.HostConfig.deployDirectory Deployment of web application directory [D:\DSW\Ies6\apache-tomcat-9.0.63\webapps\ROOT] has finished in [11] ms
03-Aug-2022 19:54:11.522 INFORMACIÓN [main] org.apache.coyote.AbstractProtocol.start Starting ProtocolHandler ["http-nio-8086"]
03-Aug-2022 19:54:11.544 INFORMACIÓN [main] org.apache.catalina.startup.Catalina.start Server startup in [646] milliseconds
03-Aug-2022 19:54:19.060 INFORMACIÓN [http-nio-8086-exec-8] org.apache.catalina.startup.HostConfig.undeploy Repliegue (undeploy) de la aplicación web que tiene como trayectoria de contexto []
03-Aug-2022 19:54:19.077 INFORMACIÓN [http-nio-8086-exec-7] org.apache.catalina.startup.HostConfig.deployDescriptor Desplieque del descriptor de configuración [D:\DSW\Ies6\apache-tomcat-9.0.63\conf\Catalina\localhost\ROOT.xml]
03-Aug-2022 19:54:19.078 ADVERTENCIA [http-nio-8086-exec-7] org.apache.catalina.startup.HostConfig.deployDescriptor The path attribute with value [] in deployment descriptor [D:\DSW\Ies6\apache-tomcat-9.0.63\conf\Catalina\localhost\ROOT.xml] has been ignored
03-Aug-2022 19:54:19.092 INFORMACIÓN [http-nio-8086-exec-7] org.apache.catalina.startup.HostConfig.deployDescriptor Deployment of deployment descriptor [D:\DSW\Ies6\apache-tomcat-9.0.63\conf\Catalina\localhost\ROOT.xml] has finished in [15] ms
03-Aug-2022 19:54:19.095 INFORMACIÓN [http-nio-8086-exec-3] org.apache.catalina.util.LifecycleBase.start The start() method was called on component [StandardEngine[Catalina].StandardHost[localhost].StandardContext[]] after start() had already been called. The second call will be ignored.
03-Aug-2022 20:09:09.852 INFORMACIÓN [main] org.apache.catalina.core.StandardServer.await Se ha recibido un comando de apagado a través del puerto de apagado. Parando la instancia del Servidor.
03-Aug-2022 20:09:09.852 INFORMACIÓN [main] org.apache.coyote.AbstractProtocol.pause Pausing ProtocolHandler ["http-nio-8086"]
03-Aug-2022 20:09:09.899 INFORMACIÓN [main] org.apache.catalina.core.StandardService.stopInternal Parando servicio [Catalina]
03-Aug-2022 20:09:09.911 INFORMACIÓN [main] org.apache.coyote.AbstractProtocol.stop Stopping ProtocolHandler ["http-nio-8086"]
03-Aug-2022 20:09:09.912 INFORMACIÓN [main] org.apache.coyote.AbstractProtocol.destroy Destroying ProtocolHandler ["http-nio-8086"]
