04-Jul-2022 17:53:03.144 INFORMACIÓN [http-nio-8086-exec-3] org.apache.catalina.core.ApplicationContext.log Manager: init: Associated with Deployer 'Catalina:type=Deployer,host=localhost'
04-Jul-2022 17:53:03.144 INFORMACIÓN [http-nio-8086-exec-3] org.apache.catalina.core.ApplicationContext.log Manager: init: Global resources are available
04-Jul-2022 17:53:03.204 INFORMACIÓN [http-nio-8086-exec-5] org.apache.catalina.core.ApplicationContext.log Manager: list: Listing contexts for virtual host 'localhost'
04-Jul-2022 17:53:03.207 INFORMACIÓN [http-nio-8086-exec-4] org.apache.catalina.core.ApplicationContext.log Manager: list: Listing contexts for virtual host 'localhost'
04-Jul-2022 17:53:03.207 INFORMACIÓN [http-nio-8086-exec-1] org.apache.catalina.core.ApplicationContext.log Manager: undeploy: Undeploying web application at '/PruebaNB'
04-Jul-2022 17:53:03.737 INFORMACIÓN [http-nio-8086-exec-4] org.apache.catalina.core.ApplicationContext.log Manager: install: Installing context configuration at 'file:/C:/Users/IES6/AppData/Local/Temp/context4546901295084443864.xml'
04-Jul-2022 17:53:03.769 INFORMACIÓN [http-nio-8086-exec-3] org.apache.catalina.core.ApplicationContext.log Manager: start: Starting web application '/PruebaNB'
04-Jul-2022 17:54:33.581 INFORMACIÓN [http-nio-8086-exec-11] org.apache.catalina.core.ApplicationContext.log Manager: list: Listing contexts for virtual host 'localhost'
04-Jul-2022 17:54:33.581 INFORMACIÓN [http-nio-8086-exec-16] org.apache.catalina.core.ApplicationContext.log Manager: list: Listing contexts for virtual host 'localhost'
04-Jul-2022 17:54:33.597 INFORMACIÓN [http-nio-8086-exec-8] org.apache.catalina.core.ApplicationContext.log Manager: undeploy: Undeploying web application at '/PruebaNB'
04-Jul-2022 17:54:34.102 INFORMACIÓN [http-nio-8086-exec-4] org.apache.catalina.core.ApplicationContext.log Manager: install: Installing context configuration at 'file:/C:/Users/IES6/AppData/Local/Temp/context8655540324177265743.xml'
04-Jul-2022 17:54:34.113 INFORMACIÓN [http-nio-8086-exec-13] org.apache.catalina.core.ApplicationContext.log Manager: start: Starting web application '/PruebaNB'
04-Jul-2022 17:54:48.868 INFORMACIÓN [http-nio-8086-exec-10] org.apache.catalina.core.ApplicationContext.log Manager: list: Listing contexts for virtual host 'localhost'
04-Jul-2022 17:54:48.870 INFORMACIÓN [http-nio-8086-exec-16] org.apache.catalina.core.ApplicationContext.log Manager: list: Listing contexts for virtual host 'localhost'
04-Jul-2022 17:54:48.877 INFORMACIÓN [http-nio-8086-exec-17] org.apache.catalina.core.ApplicationContext.log Manager: undeploy: Undeploying web application at '/PruebaNB'
04-Jul-2022 17:54:49.391 INFORMACIÓN [http-nio-8086-exec-11] org.apache.catalina.core.ApplicationContext.log Manager: install: Installing context configuration at 'file:/C:/Users/IES6/AppData/Local/Temp/context2074204806102698593.xml'
04-Jul-2022 17:54:49.412 INFORMACIÓN [http-nio-8086-exec-15] org.apache.catalina.core.ApplicationContext.log Manager: start: Starting web application '/PruebaNB'
04-Jul-2022 17:55:12.439 INFORMACIÓN [http-nio-8086-exec-20] org.apache.catalina.core.ApplicationContext.log Manager: list: Listing contexts for virtual host 'localhost'
04-Jul-2022 17:55:12.441 INFORMACIÓN [http-nio-8086-exec-10] org.apache.catalina.core.ApplicationContext.log Manager: list: Listing contexts for virtual host 'localhost'
04-Jul-2022 17:55:12.445 INFORMACIÓN [http-nio-8086-exec-8] org.apache.catalina.core.ApplicationContext.log Manager: undeploy: Undeploying web application at '/PruebaNB'
04-Jul-2022 17:55:12.955 INFORMACIÓN [http-nio-8086-exec-17] org.apache.catalina.core.ApplicationContext.log Manager: install: Installing context configuration at 'file:/C:/Users/IES6/AppData/Local/Temp/context9047669271608909567.xml'
04-Jul-2022 17:55:12.969 INFORMACIÓN [http-nio-8086-exec-10] org.apache.catalina.core.ApplicationContext.log Manager: start: Starting web application '/PruebaNB'
04-Jul-2022 17:55:19.097 INFORMACIÓN [http-nio-8086-exec-21] org.apache.catalina.core.ApplicationContext.log Manager: list: Listing contexts for virtual host 'localhost'
04-Jul-2022 17:55:19.112 INFORMACIÓN [http-nio-8086-exec-19] org.apache.catalina.core.ApplicationContext.log Manager: list: Listing contexts for virtual host 'localhost'
04-Jul-2022 17:55:19.112 INFORMACIÓN [http-nio-8086-exec-4] org.apache.catalina.core.ApplicationContext.log Manager: undeploy: Undeploying web application at '/PruebaNB'
04-Jul-2022 17:55:19.631 INFORMACIÓN [http-nio-8086-exec-19] org.apache.catalina.core.ApplicationContext.log Manager: install: Installing context configuration at 'file:/C:/Users/IES6/AppData/Local/Temp/context6346434457482776399.xml'
04-Jul-2022 17:55:19.644 INFORMACIÓN [http-nio-8086-exec-20] org.apache.catalina.core.ApplicationContext.log Manager: start: Starting web application '/PruebaNB'
04-Jul-2022 17:56:15.634 INFORMACIÓN [http-nio-8086-exec-25] org.apache.catalina.core.ApplicationContext.log Manager: list: Listing contexts for virtual host 'localhost'
04-Jul-2022 17:56:15.637 INFORMACIÓN [http-nio-8086-exec-4] org.apache.catalina.core.ApplicationContext.log Manager: list: Listing contexts for virtual host 'localhost'
04-Jul-2022 17:56:15.641 INFORMACIÓN [http-nio-8086-exec-24] org.apache.catalina.core.ApplicationContext.log Manager: undeploy: Undeploying web application at '/PruebaNB'
04-Jul-2022 17:56:16.160 INFORMACIÓN [http-nio-8086-exec-15] org.apache.catalina.core.ApplicationContext.log Manager: install: Installing context configuration at 'file:/C:/Users/IES6/AppData/Local/Temp/context6801552258295757010.xml'
04-Jul-2022 17:56:16.173 INFORMACIÓN [http-nio-8086-exec-19] org.apache.catalina.core.ApplicationContext.log Manager: start: Starting web application '/PruebaNB'
04-Jul-2022 17:56:41.019 INFORMACIÓN [http-nio-8086-exec-11] org.apache.catalina.core.ApplicationContext.log Manager: list: Listing contexts for virtual host 'localhost'
04-Jul-2022 17:56:41.019 INFORMACIÓN [http-nio-8086-exec-15] org.apache.catalina.core.ApplicationContext.log Manager: list: Listing contexts for virtual host 'localhost'
04-Jul-2022 17:56:41.034 INFORMACIÓN [http-nio-8086-exec-27] org.apache.catalina.core.ApplicationContext.log Manager: undeploy: Undeploying web application at '/PruebaNB'
04-Jul-2022 17:56:41.552 INFORMACIÓN [http-nio-8086-exec-11] org.apache.catalina.core.ApplicationContext.log Manager: install: Installing context configuration at 'file:/C:/Users/IES6/AppData/Local/Temp/context6094158832720897379.xml'
04-Jul-2022 17:56:41.567 INFORMACIÓN [http-nio-8086-exec-4] org.apache.catalina.core.ApplicationContext.log Manager: start: Starting web application '/PruebaNB'
